//=====================================================
Exception code: C0000005 ACCESS_VIOLATION
Fault address:  00414327 01:00013327 F:\ngrok(polarssl)\ngrokpolarssl.exe

Registers:
EAX:03FCE9E4
EBX:00000386
ECX:004CB9F9
EDX:00000002
ESI:004E9600
EDI:00001158
CS:EIP:0023:00414327
SS:ESP:002B:04FCEEB0  EBP:04FCFF28
DS:002B  ES:002B  FS:0053  GS:002B
Flags:00010202

Call stack:
Address   Frame     Logical addr  Module
00414327  04FCFF28  0001:00013327 F:\ngrok(polarssl)\ngrokpolarssl.exe
0044B636  04FCFF48  0001:0004A636 F:\ngrok(polarssl)\ngrokpolarssl.exe
765E1287  04FCFF80  0001:00010287 C:\windows\syswow64\msvcrt.dll
765E1328  04FCFF88  0001:00010328 C:\windows\syswow64\msvcrt.dll
76953677  04FCFF94  0001:00003677 C:\windows\syswow64\kernel32.dll
77169D72  04FCFFD4  0001:00029D72 C:\windows\SysWOW64\ntdll.dll
77169D45  04FCFFEC  0001:00029D45 C:\windows\SysWOW64\ntdll.dll

//=====================================================
Exception code: C0000005 ACCESS_VIOLATION
Fault address:  004142A7 01:000132A7 F:\ngrok-polarssl\ngrokpolarssl.exe

Registers:
EAX:0412F5E4
EBX:00000385
ECX:004CB959
EDX:00000002
ESI:004E9600
EDI:00001158
CS:EIP:0023:004142A7
SS:ESP:002B:04A2EEB0  EBP:04A2FF28
DS:002B  ES:002B  FS:0053  GS:002B
Flags:00010202

Call stack:
Address   Frame     Logical addr  Module
004142A7  04A2FF28  0001:000132A7 F:\ngrok-polarssl\ngrokpolarssl.exe
0044B5B6  04A2FF48  0001:0004A5B6 F:\ngrok-polarssl\ngrokpolarssl.exe
765E1287  04A2FF80  0001:00010287 C:\windows\syswow64\msvcrt.dll
765E1328  04A2FF88  0001:00010328 C:\windows\syswow64\msvcrt.dll
76953677  04A2FF94  0001:00003677 C:\windows\syswow64\kernel32.dll
77169D72  04A2FFD4  0001:00029D72 C:\windows\SysWOW64\ntdll.dll
77169D45  04A2FFEC  0001:00029D45 C:\windows\SysWOW64\ntdll.dll

//=====================================================
Exception code: C0000005 ACCESS_VIOLATION
Fault address:  004142A7 01:000132A7 F:\ngrok-polarssl\ngrokpolarssl.exe

Registers:
EAX:0336F5E4
EBX:00000383
ECX:004CB959
EDX:00000002
ESI:004E9600
EDI:00001158
CS:EIP:0023:004142A7
SS:ESP:002B:0436EEB0  EBP:0436FF28
DS:002B  ES:002B  FS:0053  GS:002B
Flags:00010202

Call stack:
Address   Frame     Logical addr  Module
004142A7  0436FF28  0001:000132A7 F:\ngrok-polarssl\ngrokpolarssl.exe
0044B5B6  0436FF48  0001:0004A5B6 F:\ngrok-polarssl\ngrokpolarssl.exe
765E1287  0436FF80  0001:00010287 C:\windows\syswow64\msvcrt.dll
765E1328  0436FF88  0001:00010328 C:\windows\syswow64\msvcrt.dll
76953677  0436FF94  0001:00003677 C:\windows\syswow64\kernel32.dll
77169D72  0436FFD4  0001:00029D72 C:\windows\SysWOW64\ntdll.dll
77169D45  0436FFEC  0001:00029D45 C:\windows\SysWOW64\ntdll.dll

//=====================================================
Exception code: C0000005 ACCESS_VIOLATION
Fault address:  004142A7 01:000132A7 F:\ngrok-polarssl\ngrokpolarssl.exe

Registers:
EAX:03EEF5E4
EBX:00000385
ECX:004CB959
EDX:00000002
ESI:004E9600
EDI:00001158
CS:EIP:0023:004142A7
SS:ESP:002B:04EAEEB0  EBP:04EAFF28
DS:002B  ES:002B  FS:0053  GS:002B
Flags:00010202

Call stack:
Address   Frame     Logical addr  Module
004142A7  04EAFF28  0001:000132A7 F:\ngrok-polarssl\ngrokpolarssl.exe
0044B5B6  04EAFF48  0001:0004A5B6 F:\ngrok-polarssl\ngrokpolarssl.exe
765E1287  04EAFF80  0001:00010287 C:\windows\syswow64\msvcrt.dll
765E1328  04EAFF88  0001:00010328 C:\windows\syswow64\msvcrt.dll
76953677  04EAFF94  0001:00003677 C:\windows\syswow64\kernel32.dll
77169D72  04EAFFD4  0001:00029D72 C:\windows\SysWOW64\ntdll.dll
77169D45  04EAFFEC  0001:00029D45 C:\windows\SysWOW64\ntdll.dll

