//=====================================================
Exception code: C0000005 ACCESS_VIOLATION
Fault address:  00412BC7 01:00011BC7 F:\ngrok-polarssl\bin\Release\ngrok-polarssl.exe

Registers:
EAX:00000460
EBX:00000055
ECX:004C997D
EDX:00000002
ESI:004E7640
EDI:00001158
CS:EIP:0023:00412BC7
SS:ESP:002B:02ADFD80  EBP:02ADFE98
DS:002B  ES:002B  FS:0053  GS:002B
Flags:00010202

Call stack:
Address   Frame     Logical addr  Module
00412BC7  02ADFE98  0001:00011BC7 F:\ngrok-polarssl\bin\Release\ngrok-polarssl.exe
0040347C  02ADFF28  0001:0000247C F:\ngrok-polarssl\bin\Release\ngrok-polarssl.exe
0046ECA6  02ADFF48  0001:0006DCA6 F:\ngrok-polarssl\bin\Release\ngrok-polarssl.exe
76031287  02ADFF80  0001:00010287 C:\Windows\syswow64\msvcrt.dll
76031328  02ADFF88  0001:00010328 C:\Windows\syswow64\msvcrt.dll
74CF336A  02ADFF94  0001:0000336A C:\Windows\syswow64\kernel32.dll
76FE9F72  02ADFFD4  0001:00029F72 C:\Windows\SysWOW64\ntdll.dll
76FE9F45  02ADFFEC  0001:00029F45 C:\Windows\SysWOW64\ntdll.dll

//=====================================================
Exception code: C0000005 ACCESS_VIOLATION
Fault address:  00412BC7 01:00011BC7 F:\ngrok-polarssl\bin\Release\ngrok-polarssl.exe

Registers:
EAX:00000460
EBX:00000055
ECX:004C997D
EDX:00000002
ESI:004E7640
EDI:00001158
CS:EIP:0023:00412BC7
SS:ESP:002B:02DDFD80  EBP:02DDFE98
DS:002B  ES:002B  FS:0053  GS:002B
Flags:00010202

Call stack:
Address   Frame     Logical addr  Module
00412BC7  02DDFE98  0001:00011BC7 F:\ngrok-polarssl\bin\Release\ngrok-polarssl.exe
0040347C  02DDFF28  0001:0000247C F:\ngrok-polarssl\bin\Release\ngrok-polarssl.exe
0046ECA6  02DDFF48  0001:0006DCA6 F:\ngrok-polarssl\bin\Release\ngrok-polarssl.exe
76031287  02DDFF80  0001:00010287 C:\Windows\syswow64\msvcrt.dll
76031328  02DDFF88  0001:00010328 C:\Windows\syswow64\msvcrt.dll
74CF336A  02DDFF94  0001:0000336A C:\Windows\syswow64\kernel32.dll
76FE9F72  02DDFFD4  0001:00029F72 C:\Windows\SysWOW64\ntdll.dll
76FE9F45  02DDFFEC  0001:00029F45 C:\Windows\SysWOW64\ntdll.dll

//=====================================================
Exception code: C0000005 ACCESS_VIOLATION
Fault address:  00412BC7 01:00011BC7 F:\ngrok-polarssl\bin\Release\ngrok-polarssl.exe

Registers:
EAX:00000460
EBX:00000055
ECX:004C997D
EDX:00000002
ESI:004E7640
EDI:00001158
CS:EIP:0023:00412BC7
SS:ESP:002B:02D8FD80  EBP:02D8FE98
DS:002B  ES:002B  FS:0053  GS:002B
Flags:00010202

Call stack:
Address   Frame     Logical addr  Module
00412BC7  02D8FE98  0001:00011BC7 F:\ngrok-polarssl\bin\Release\ngrok-polarssl.exe
0040347C  02D8FF28  0001:0000247C F:\ngrok-polarssl\bin\Release\ngrok-polarssl.exe
0046ECA6  02D8FF48  0001:0006DCA6 F:\ngrok-polarssl\bin\Release\ngrok-polarssl.exe
76031287  02D8FF80  0001:00010287 C:\Windows\syswow64\msvcrt.dll
76031328  02D8FF88  0001:00010328 C:\Windows\syswow64\msvcrt.dll
74CF336A  02D8FF94  0001:0000336A C:\Windows\syswow64\kernel32.dll
76FE9F72  02D8FFD4  0001:00029F72 C:\Windows\SysWOW64\ntdll.dll
76FE9F45  02D8FFEC  0001:00029F45 C:\Windows\SysWOW64\ntdll.dll

//=====================================================
Exception code: C0000005 ACCESS_VIOLATION
Fault address:  004049AD 01:000039AD F:\ngrok-polarssl\bin\Release\ngrok-polarssl.exe

Registers:
EAX:00000000
EBX:00832CB0
ECX:00000000
EDX:0008E3C8
ESI:004CB8A2
EDI:00000000
CS:EIP:0023:004049AD
SS:ESP:002B:0028FD30  EBP:0028FF18
DS:002B  ES:002B  FS:0053  GS:002B
Flags:00010206

Call stack:
Address   Frame     Logical addr  Module
004049AD  0028FF18  0001:000039AD F:\ngrok-polarssl\bin\Release\ngrok-polarssl.exe
004010FD  0028FF94  0001:000000FD F:\ngrok-polarssl\bin\Release\ngrok-polarssl.exe
76FE9F72  0028FFD4  0001:00029F72 C:\Windows\SysWOW64\ntdll.dll
76FE9F45  0028FFEC  0001:00029F45 C:\Windows\SysWOW64\ntdll.dll

//=====================================================
Exception code: C0000005 ACCESS_VIOLATION
Fault address:  004049AD 01:000039AD F:\ngrok-polarssl\bin\Release\ngrok-polarssl.exe

Registers:
EAX:00000000
EBX:003E2CB0
ECX:00000000
EDX:0008E3C8
ESI:004CB8A2
EDI:00000000
CS:EIP:0023:004049AD
SS:ESP:002B:0028FD30  EBP:0028FF18
DS:002B  ES:002B  FS:0053  GS:002B
Flags:00010206

Call stack:
Address   Frame     Logical addr  Module
004049AD  0028FF18  0001:000039AD F:\ngrok-polarssl\bin\Release\ngrok-polarssl.exe
004010FD  0028FF94  0001:000000FD F:\ngrok-polarssl\bin\Release\ngrok-polarssl.exe
76FE9F72  0028FFD4  0001:00029F72 C:\Windows\SysWOW64\ntdll.dll
76FE9F45  0028FFEC  0001:00029F45 C:\Windows\SysWOW64\ntdll.dll

//=====================================================
Exception code: C0000005 ACCESS_VIOLATION
Fault address:  004049AD 01:000039AD F:\ngrok-polarssl\bin\Release\ngrok-polarssl.exe

Registers:
EAX:00000000
EBX:005C2CB0
ECX:00000000
EDX:0008E3C8
ESI:004CB8A2
EDI:00000000
CS:EIP:0023:004049AD
SS:ESP:002B:0028FD30  EBP:0028FF18
DS:002B  ES:002B  FS:0053  GS:002B
Flags:00010206

Call stack:
Address   Frame     Logical addr  Module
004049AD  0028FF18  0001:000039AD F:\ngrok-polarssl\bin\Release\ngrok-polarssl.exe
004010FD  0028FF94  0001:000000FD F:\ngrok-polarssl\bin\Release\ngrok-polarssl.exe
76FE9F72  0028FFD4  0001:00029F72 C:\Windows\SysWOW64\ntdll.dll
76FE9F45  0028FFEC  0001:00029F45 C:\Windows\SysWOW64\ntdll.dll

